TN:
SF:src/controller/index.js
FNF:0
FNH:0
LF:0
LH:0
BRF:0
BRH:0
end_of_record
TN:
SF:src/controller/order-food-controller.js
FN:3,(anonymous_0)
FNF:1
FNH:1
FNDA:1,(anonymous_0)
DA:2,1
DA:4,1
DA:5,1
DA:6,1
DA:8,1
LF:5
LH:5
BRF:0
BRH:0
end_of_record
TN:
SF:src/models/order-food.js
FN:29,(anonymous_0)
FN:33,(anonymous_1)
FN:37,(anonymous_2)
FN:51,(anonymous_3)
FN:52,(anonymous_4)
FN:58,(anonymous_5)
FN:63,Main
FN:64,(anonymous_7)
FNF:8
FNH:8
FNDA:12,(anonymous_0)
FNDA:11,(anonymous_1)
FNDA:12,(anonymous_2)
FNDA:6,(anonymous_3)
FNDA:18,(anonymous_4)
FNDA:4,(anonymous_5)
FNDA:3,Main
FNDA:7,(anonymous_7)
DA:1,3
DA:10,3
DA:15,3
DA:17,3
DA:18,3
DA:19,3
DA:21,3
DA:30,12
DA:34,11
DA:38,12
DA:39,12
DA:40,12
DA:41,12
DA:42,12
DA:43,12
DA:47,3
DA:52,18
DA:53,6
DA:54,6
DA:55,6
DA:56,6
DA:59,4
DA:64,3
DA:65,7
DA:69,3
LF:25
LH:25
BRDA:30,0,0,12
BRDA:30,0,1,4
BRDA:41,1,0,4
BRDA:41,1,1,8
BRDA:53,2,0,3
BRDA:53,2,1,3
BRF:6
BRH:6
end_of_record
TN:
SF:src/services/index.js
FNF:0
FNH:0
LF:0
LH:0
BRF:0
BRH:0
end_of_record
TN:
SF:src/services/order-food-service.js
FN:4,(anonymous_0)
FN:9,(anonymous_1)
FNF:2
FNH:2
FNDA:3,(anonymous_0)
FNDA:9,(anonymous_1)
DA:9,3
DA:10,9
DA:11,9
DA:15,3
DA:19,3
LF:5
LH:5
BRF:0
BRH:0
end_of_record
